{"C:\\Users\\maria\\OneDrive\\Escritorio\\Portafolio Aseguramiento\\portfolio-aseguramiento\\src\\App.js": {"path":"C:\\Users\\maria\\OneDrive\\Escritorio\\Portafolio Aseguramiento\\portfolio-aseguramiento\\src\\App.js","statementMap":{"0":{"start":{"line":14,"column":2},"end":{"line":55,"column":4}}},"fnMap":{"0":{"name":"App","decl":{"start":{"line":13,"column":9},"end":{"line":13,"column":12}},"loc":{"start":{"line":13,"column":15},"end":{"line":56,"column":1}},"line":13}},"branchMap":{},"s":{"0":1},"f":{"0":1},"b":{},"_coverageSchema":"1a1c01bbd47fc00a2c39e90264f33305004495a9","hash":"1a0fd7ef070649e36236298e6c07d3e4730831be"}
,"C:\\Users\\maria\\OneDrive\\Escritorio\\Portafolio Aseguramiento\\portfolio-aseguramiento\\src\\App.jsx": {"path":"C:\\Users\\maria\\OneDrive\\Escritorio\\Portafolio Aseguramiento\\portfolio-aseguramiento\\src\\App.jsx","statementMap":{"0":{"start":{"line":9,"column":2},"end":{"line":18,"column":4}}},"fnMap":{"0":{"name":"App","decl":{"start":{"line":8,"column":24},"end":{"line":8,"column":27}},"loc":{"start":{"line":8,"column":30},"end":{"line":19,"column":1}},"line":8}},"branchMap":{},"s":{"0":0},"f":{"0":0},"b":{}}
,"C:\\Users\\maria\\OneDrive\\Escritorio\\Portafolio Aseguramiento\\portfolio-aseguramiento\\src\\agevalidator.ts": {"path":"C:\\Users\\maria\\OneDrive\\Escritorio\\Portafolio Aseguramiento\\portfolio-aseguramiento\\src\\agevalidator.ts","statementMap":{"0":{"start":{"line":29,"column":2},"end":{"line":29,"column":58}},"1":{"start":{"line":29,"column":45},"end":{"line":29,"column":58}},"2":{"start":{"line":32,"column":2},"end":{"line":32,"column":32}}},"fnMap":{"0":{"name":"isValidAge","decl":{"start":{"line":27,"column":16},"end":{"line":27,"column":26}},"loc":{"start":{"line":27,"column":50},"end":{"line":33,"column":1}},"line":27}},"branchMap":{"0":{"loc":{"start":{"line":29,"column":2},"end":{"line":29,"column":58}},"type":"if","locations":[{"start":{"line":29,"column":2},"end":{"line":29,"column":58}},{"start":{},"end":{}}],"line":29},"1":{"loc":{"start":{"line":29,"column":6},"end":{"line":29,"column":43}},"type":"binary-expr","locations":[{"start":{"line":29,"column":6},"end":{"line":29,"column":29}},{"start":{"line":29,"column":33},"end":{"line":29,"column":43}}],"line":29},"2":{"loc":{"start":{"line":32,"column":9},"end":{"line":32,"column":31}},"type":"binary-expr","locations":[{"start":{"line":32,"column":9},"end":{"line":32,"column":18}},{"start":{"line":32,"column":22},"end":{"line":32,"column":31}}],"line":32}},"s":{"0":19,"1":4,"2":15},"f":{"0":19},"b":{"0":[4,15],"1":[19,16],"2":[15,11]},"_coverageSchema":"1a1c01bbd47fc00a2c39e90264f33305004495a9","hash":"12448b0b81cb4fa26b2a1b0b758663e4330df0a4"}
,"C:\\Users\\maria\\OneDrive\\Escritorio\\Portafolio Aseguramiento\\portfolio-aseguramiento\\src\\index.js": {"path":"C:\\Users\\maria\\OneDrive\\Escritorio\\Portafolio Aseguramiento\\portfolio-aseguramiento\\src\\index.js","statementMap":{"0":{"start":{"line":7,"column":13},"end":{"line":7,"column":65}},"1":{"start":{"line":8,"column":0},"end":{"line":12,"column":2}},"2":{"start":{"line":17,"column":0},"end":{"line":17,"column":18}}},"fnMap":{},"branchMap":{},"s":{"0":0,"1":0,"2":0},"f":{},"b":{}}
,"C:\\Users\\maria\\OneDrive\\Escritorio\\Portafolio Aseguramiento\\portfolio-aseguramiento\\src\\loanApproval.ts": {"path":"C:\\Users\\maria\\OneDrive\\Escritorio\\Portafolio Aseguramiento\\portfolio-aseguramiento\\src\\loanApproval.ts","statementMap":{"0":{"start":{"line":50,"column":74},"end":{"line":50,"column":85}},"1":{"start":{"line":53,"column":2},"end":{"line":58,"column":3}},"2":{"start":{"line":54,"column":4},"end":{"line":57,"column":6}},"3":{"start":{"line":62,"column":2},"end":{"line":70,"column":3}},"4":{"start":{"line":66,"column":4},"end":{"line":69,"column":6}},"5":{"start":{"line":73,"column":2},"end":{"line":81,"column":3}},"6":{"start":{"line":77,"column":4},"end":{"line":80,"column":6}},"7":{"start":{"line":84,"column":2},"end":{"line":92,"column":3}},"8":{"start":{"line":88,"column":4},"end":{"line":91,"column":6}},"9":{"start":{"line":95,"column":2},"end":{"line":103,"column":3}},"10":{"start":{"line":99,"column":4},"end":{"line":102,"column":6}},"11":{"start":{"line":106,"column":2},"end":{"line":114,"column":3}},"12":{"start":{"line":110,"column":4},"end":{"line":113,"column":6}},"13":{"start":{"line":117,"column":2},"end":{"line":120,"column":4}}},"fnMap":{"0":{"name":"evaluateLoanApplication","decl":{"start":{"line":49,"column":16},"end":{"line":49,"column":39}},"loc":{"start":{"line":49,"column":82},"end":{"line":121,"column":1}},"line":49}},"branchMap":{"0":{"loc":{"start":{"line":53,"column":2},"end":{"line":58,"column":3}},"type":"if","locations":[{"start":{"line":53,"column":2},"end":{"line":58,"column":3}},{"start":{},"end":{}}],"line":53},"1":{"loc":{"start":{"line":53,"column":6},"end":{"line":53,"column":87}},"type":"binary-expr","locations":[{"start":{"line":53,"column":6},"end":{"line":53,"column":22}},{"start":{"line":53,"column":26},"end":{"line":53,"column":41}},{"start":{"line":53,"column":45},"end":{"line":53,"column":62}},{"start":{"line":53,"column":66},"end":{"line":53,"column":87}}],"line":53},"2":{"loc":{"start":{"line":62,"column":2},"end":{"line":70,"column":3}},"type":"if","locations":[{"start":{"line":62,"column":2},"end":{"line":70,"column":3}},{"start":{},"end":{}}],"line":62},"3":{"loc":{"start":{"line":62,"column":6},"end":{"line":65,"column":28}},"type":"binary-expr","locations":[{"start":{"line":62,"column":6},"end":{"line":62,"column":27}},{"start":{"line":63,"column":6},"end":{"line":63,"column":24}},{"start":{"line":64,"column":6},"end":{"line":64,"column":24}},{"start":{"line":65,"column":6},"end":{"line":65,"column":28}}],"line":62},"4":{"loc":{"start":{"line":73,"column":2},"end":{"line":81,"column":3}},"type":"if","locations":[{"start":{"line":73,"column":2},"end":{"line":81,"column":3}},{"start":{},"end":{}}],"line":73},"5":{"loc":{"start":{"line":73,"column":6},"end":{"line":76,"column":28}},"type":"binary-expr","locations":[{"start":{"line":73,"column":6},"end":{"line":73,"column":27}},{"start":{"line":74,"column":6},"end":{"line":74,"column":23}},{"start":{"line":75,"column":6},"end":{"line":75,"column":24}},{"start":{"line":76,"column":6},"end":{"line":76,"column":28}}],"line":73},"6":{"loc":{"start":{"line":84,"column":2},"end":{"line":92,"column":3}},"type":"if","locations":[{"start":{"line":84,"column":2},"end":{"line":92,"column":3}},{"start":{},"end":{}}],"line":84},"7":{"loc":{"start":{"line":84,"column":6},"end":{"line":87,"column":29}},"type":"binary-expr","locations":[{"start":{"line":84,"column":6},"end":{"line":84,"column":26}},{"start":{"line":85,"column":6},"end":{"line":85,"column":24}},{"start":{"line":86,"column":6},"end":{"line":86,"column":24}},{"start":{"line":87,"column":6},"end":{"line":87,"column":29}}],"line":84},"8":{"loc":{"start":{"line":95,"column":2},"end":{"line":103,"column":3}},"type":"if","locations":[{"start":{"line":95,"column":2},"end":{"line":103,"column":3}},{"start":{},"end":{}}],"line":95},"9":{"loc":{"start":{"line":95,"column":6},"end":{"line":98,"column":28}},"type":"binary-expr","locations":[{"start":{"line":95,"column":6},"end":{"line":95,"column":27}},{"start":{"line":96,"column":6},"end":{"line":96,"column":23}},{"start":{"line":97,"column":6},"end":{"line":97,"column":23}},{"start":{"line":98,"column":6},"end":{"line":98,"column":28}}],"line":95},"10":{"loc":{"start":{"line":106,"column":2},"end":{"line":114,"column":3}},"type":"if","locations":[{"start":{"line":106,"column":2},"end":{"line":114,"column":3}},{"start":{},"end":{}}],"line":106},"11":{"loc":{"start":{"line":106,"column":6},"end":{"line":109,"column":29}},"type":"binary-expr","locations":[{"start":{"line":106,"column":6},"end":{"line":106,"column":26}},{"start":{"line":107,"column":6},"end":{"line":107,"column":24}},{"start":{"line":108,"column":6},"end":{"line":108,"column":23}},{"start":{"line":109,"column":6},"end":{"line":109,"column":29}}],"line":106}},"s":{"0":17,"1":17,"2":1,"3":16,"4":6,"5":10,"6":2,"7":8,"8":1,"9":7,"10":1,"11":6,"12":1,"13":5},"f":{"0":17},"b":{"0":[1,16],"1":[17,16,16,16],"2":[6,10],"3":[16,12,9,8],"4":[2,8],"5":[10,6,3,2],"6":[1,7],"7":[8,4,4,3],"8":[1,6],"9":[7,4,1,1],"10":[1,5],"11":[6,3,3,1]},"_coverageSchema":"1a1c01bbd47fc00a2c39e90264f33305004495a9","hash":"a1e9773c5ed5a1e5468bdd384d916cb08b8d582b"}
,"C:\\Users\\maria\\OneDrive\\Escritorio\\Portafolio Aseguramiento\\portfolio-aseguramiento\\src\\reportWebVitals.js": {"path":"C:\\Users\\maria\\OneDrive\\Escritorio\\Portafolio Aseguramiento\\portfolio-aseguramiento\\src\\reportWebVitals.js","statementMap":{"0":{"start":{"line":1,"column":24},"end":{"line":11,"column":1}},"1":{"start":{"line":2,"column":2},"end":{"line":10,"column":3}},"2":{"start":{"line":3,"column":4},"end":{"line":9,"column":7}},"3":{"start":{"line":4,"column":6},"end":{"line":4,"column":26}},"4":{"start":{"line":5,"column":6},"end":{"line":5,"column":26}},"5":{"start":{"line":6,"column":6},"end":{"line":6,"column":26}},"6":{"start":{"line":7,"column":6},"end":{"line":7,"column":26}},"7":{"start":{"line":8,"column":6},"end":{"line":8,"column":27}}},"fnMap":{"0":{"name":"(anonymous_0)","decl":{"start":{"line":1,"column":24},"end":{"line":1,"column":25}},"loc":{"start":{"line":1,"column":39},"end":{"line":11,"column":1}},"line":1},"1":{"name":"(anonymous_1)","decl":{"start":{"line":3,"column":30},"end":{"line":3,"column":31}},"loc":{"start":{"line":3,"column":79},"end":{"line":9,"column":5}},"line":3}},"branchMap":{"0":{"loc":{"start":{"line":2,"column":2},"end":{"line":10,"column":3}},"type":"if","locations":[{"start":{"line":2,"column":2},"end":{"line":10,"column":3}},{"start":{},"end":{}}],"line":2},"1":{"loc":{"start":{"line":2,"column":6},"end":{"line":2,"column":52}},"type":"binary-expr","locations":[{"start":{"line":2,"column":6},"end":{"line":2,"column":17}},{"start":{"line":2,"column":21},"end":{"line":2,"column":52}}],"line":2}},"s":{"0":0,"1":0,"2":0,"3":0,"4":0,"5":0,"6":0,"7":0},"f":{"0":0,"1":0},"b":{"0":[0,0],"1":[0,0]}}
,"C:\\Users\\maria\\OneDrive\\Escritorio\\Portafolio Aseguramiento\\portfolio-aseguramiento\\src\\assets\\tareas.jsx": {"path":"C:\\Users\\maria\\OneDrive\\Escritorio\\Portafolio Aseguramiento\\portfolio-aseguramiento\\src\\assets\\tareas.jsx","statementMap":{"0":{"start":{"line":8,"column":17},"end":{"line":17,"column":3}},"1":{"start":{"line":19,"column":2},"end":{"line":56,"column":4}},"2":{"start":{"line":33,"column":14},"end":{"line":42,"column":21}}},"fnMap":{"0":{"name":"Tareas","decl":{"start":{"line":7,"column":24},"end":{"line":7,"column":30}},"loc":{"start":{"line":7,"column":33},"end":{"line":57,"column":1}},"line":7},"1":{"name":"(anonymous_1)","decl":{"start":{"line":32,"column":24},"end":{"line":32,"column":25}},"loc":{"start":{"line":33,"column":14},"end":{"line":42,"column":21}},"line":33}},"branchMap":{},"s":{"0":0,"1":0,"2":0},"f":{"0":0,"1":0},"b":{},"_coverageSchema":"1a1c01bbd47fc00a2c39e90264f33305004495a9","hash":"9c19aaeace38282a00312427caaed7b53d7d4260"}
,"C:\\Users\\maria\\OneDrive\\Escritorio\\Portafolio Aseguramiento\\portfolio-aseguramiento\\src\\components\\Footer.js": {"path":"C:\\Users\\maria\\OneDrive\\Escritorio\\Portafolio Aseguramiento\\portfolio-aseguramiento\\src\\components\\Footer.js","statementMap":{"0":{"start":{"line":5,"column":2},"end":{"line":20,"column":4}}},"fnMap":{"0":{"name":"Footer","decl":{"start":{"line":4,"column":24},"end":{"line":4,"column":30}},"loc":{"start":{"line":4,"column":33},"end":{"line":21,"column":1}},"line":4}},"branchMap":{},"s":{"0":1},"f":{"0":1},"b":{},"_coverageSchema":"1a1c01bbd47fc00a2c39e90264f33305004495a9","hash":"1d70e72c2bf4a1dab39e95711eed71043034560d"}
,"C:\\Users\\maria\\OneDrive\\Escritorio\\Portafolio Aseguramiento\\portfolio-aseguramiento\\src\\components\\Header.jsx": {"path":"C:\\Users\\maria\\OneDrive\\Escritorio\\Portafolio Aseguramiento\\portfolio-aseguramiento\\src\\components\\Header.jsx","statementMap":{"0":{"start":{"line":6,"column":30},"end":{"line":6,"column":45}},"1":{"start":{"line":7,"column":38},"end":{"line":7,"column":53}},"2":{"start":{"line":8,"column":19},"end":{"line":8,"column":32}},"3":{"start":{"line":10,"column":16},"end":{"line":15,"column":3}},"4":{"start":{"line":17,"column":2},"end":{"line":24,"column":9}},"5":{"start":{"line":18,"column":25},"end":{"line":20,"column":5}},"6":{"start":{"line":19,"column":6},"end":{"line":19,"column":41}},"7":{"start":{"line":22,"column":4},"end":{"line":22,"column":52}},"8":{"start":{"line":23,"column":4},"end":{"line":23,"column":68}},"9":{"start":{"line":23,"column":17},"end":{"line":23,"column":67}},"10":{"start":{"line":27,"column":2},"end":{"line":29,"column":17}},"11":{"start":{"line":28,"column":4},"end":{"line":28,"column":21}},"12":{"start":{"line":31,"column":2},"end":{"line":74,"column":4}},"13":{"start":{"line":46,"column":12},"end":{"line":53,"column":19}},"14":{"start":{"line":64,"column":27},"end":{"line":64,"column":45}}},"fnMap":{"0":{"name":"Header","decl":{"start":{"line":5,"column":24},"end":{"line":5,"column":30}},"loc":{"start":{"line":5,"column":33},"end":{"line":75,"column":1}},"line":5},"1":{"name":"(anonymous_1)","decl":{"start":{"line":17,"column":12},"end":{"line":17,"column":13}},"loc":{"start":{"line":17,"column":18},"end":{"line":24,"column":3}},"line":17},"2":{"name":"(anonymous_2)","decl":{"start":{"line":18,"column":25},"end":{"line":18,"column":26}},"loc":{"start":{"line":18,"column":31},"end":{"line":20,"column":5}},"line":18},"3":{"name":"(anonymous_3)","decl":{"start":{"line":23,"column":11},"end":{"line":23,"column":12}},"loc":{"start":{"line":23,"column":17},"end":{"line":23,"column":67}},"line":23},"4":{"name":"(anonymous_4)","decl":{"start":{"line":27,"column":12},"end":{"line":27,"column":13}},"loc":{"start":{"line":27,"column":18},"end":{"line":29,"column":3}},"line":27},"5":{"name":"(anonymous_5)","decl":{"start":{"line":45,"column":21},"end":{"line":45,"column":22}},"loc":{"start":{"line":46,"column":12},"end":{"line":53,"column":19}},"line":46},"6":{"name":"(anonymous_6)","decl":{"start":{"line":64,"column":21},"end":{"line":64,"column":22}},"loc":{"start":{"line":64,"column":27},"end":{"line":64,"column":45}},"line":64}},"branchMap":{"0":{"loc":{"start":{"line":32,"column":33},"end":{"line":32,"column":61}},"type":"cond-expr","locations":[{"start":{"line":32,"column":46},"end":{"line":32,"column":56}},{"start":{"line":32,"column":59},"end":{"line":32,"column":61}}],"line":32},"1":{"loc":{"start":{"line":44,"column":31},"end":{"line":44,"column":55}},"type":"cond-expr","locations":[{"start":{"line":44,"column":40},"end":{"line":44,"column":50}},{"start":{"line":44,"column":53},"end":{"line":44,"column":55}}],"line":44},"2":{"loc":{"start":{"line":49,"column":37},"end":{"line":49,"column":84}},"type":"cond-expr","locations":[{"start":{"line":49,"column":71},"end":{"line":49,"column":79}},{"start":{"line":49,"column":82},"end":{"line":49,"column":84}}],"line":49},"3":{"loc":{"start":{"line":63,"column":36},"end":{"line":63,"column":56}},"type":"cond-expr","locations":[{"start":{"line":63,"column":45},"end":{"line":63,"column":51}},{"start":{"line":63,"column":54},"end":{"line":63,"column":56}}],"line":63}},"s":{"0":1,"1":1,"2":1,"3":1,"4":1,"5":1,"6":0,"7":1,"8":1,"9":1,"10":1,"11":1,"12":1,"13":4,"14":0},"f":{"0":1,"1":1,"2":0,"3":1,"4":1,"5":4,"6":0},"b":{"0":[0,1],"1":[0,1],"2":[1,3],"3":[0,1]},"_coverageSchema":"1a1c01bbd47fc00a2c39e90264f33305004495a9","hash":"03d5e08ba719ce8dda47ad834a573855aa7dd194"}
,"C:\\Users\\maria\\OneDrive\\Escritorio\\Portafolio Aseguramiento\\portfolio-aseguramiento\\src\\components\\Layout.jsx": {"path":"C:\\Users\\maria\\OneDrive\\Escritorio\\Portafolio Aseguramiento\\portfolio-aseguramiento\\src\\components\\Layout.jsx","statementMap":{"0":{"start":{"line":6,"column":2},"end":{"line":14,"column":4}}},"fnMap":{"0":{"name":"Layout","decl":{"start":{"line":5,"column":24},"end":{"line":5,"column":30}},"loc":{"start":{"line":5,"column":45},"end":{"line":15,"column":1}},"line":5}},"branchMap":{},"s":{"0":0},"f":{"0":0},"b":{},"_coverageSchema":"1a1c01bbd47fc00a2c39e90264f33305004495a9","hash":"163eaef46e16f0113c993a5d195daf5f02378204"}
,"C:\\Users\\maria\\OneDrive\\Escritorio\\Portafolio Aseguramiento\\portfolio-aseguramiento\\src\\components\\Navbar.jsx": {"path":"C:\\Users\\maria\\OneDrive\\Escritorio\\Portafolio Aseguramiento\\portfolio-aseguramiento\\src\\components\\Navbar.jsx","statementMap":{"0":{"start":{"line":5,"column":19},"end":{"line":5,"column":32}},"1":{"start":{"line":6,"column":2},"end":{"line":24,"column":4}}},"fnMap":{"0":{"name":"Navbar","decl":{"start":{"line":4,"column":24},"end":{"line":4,"column":30}},"loc":{"start":{"line":4,"column":33},"end":{"line":25,"column":1}},"line":4}},"branchMap":{"0":{"loc":{"start":{"line":10,"column":23},"end":{"line":10,"column":64}},"type":"cond-expr","locations":[{"start":{"line":10,"column":51},"end":{"line":10,"column":59}},{"start":{"line":10,"column":62},"end":{"line":10,"column":64}}],"line":10},"1":{"loc":{"start":{"line":13,"column":23},"end":{"line":13,"column":72}},"type":"cond-expr","locations":[{"start":{"line":13,"column":59},"end":{"line":13,"column":67}},{"start":{"line":13,"column":70},"end":{"line":13,"column":72}}],"line":13},"2":{"loc":{"start":{"line":16,"column":23},"end":{"line":16,"column":70}},"type":"cond-expr","locations":[{"start":{"line":16,"column":57},"end":{"line":16,"column":65}},{"start":{"line":16,"column":68},"end":{"line":16,"column":70}}],"line":16},"3":{"loc":{"start":{"line":19,"column":23},"end":{"line":19,"column":71}},"type":"cond-expr","locations":[{"start":{"line":19,"column":58},"end":{"line":19,"column":66}},{"start":{"line":19,"column":69},"end":{"line":19,"column":71}}],"line":19}},"s":{"0":0,"1":0},"f":{"0":0},"b":{"0":[0,0],"1":[0,0],"2":[0,0],"3":[0,0]}}
,"C:\\Users\\maria\\OneDrive\\Escritorio\\Portafolio Aseguramiento\\portfolio-aseguramiento\\src\\components\\ProjectCard.js": {"path":"C:\\Users\\maria\\OneDrive\\Escritorio\\Portafolio Aseguramiento\\portfolio-aseguramiento\\src\\components\\ProjectCard.js","statementMap":{"0":{"start":{"line":2,"column":2},"end":{"line":7,"column":4}}},"fnMap":{"0":{"name":"ProjectCard","decl":{"start":{"line":1,"column":9},"end":{"line":1,"column":20}},"loc":{"start":{"line":1,"column":45},"end":{"line":8,"column":1}},"line":1}},"branchMap":{},"s":{"0":0},"f":{"0":0},"b":{}}
,"C:\\Users\\maria\\OneDrive\\Escritorio\\Portafolio Aseguramiento\\portfolio-aseguramiento\\src\\data\\projects.js": {"path":"C:\\Users\\maria\\OneDrive\\Escritorio\\Portafolio Aseguramiento\\portfolio-aseguramiento\\src\\data\\projects.js","statementMap":{"0":{"start":{"line":1,"column":17},"end":{"line":18,"column":1}}},"fnMap":{},"branchMap":{},"s":{"0":0},"f":{},"b":{}}
,"C:\\Users\\maria\\OneDrive\\Escritorio\\Portafolio Aseguramiento\\portfolio-aseguramiento\\src\\data\\projectsData.js": {"path":"C:\\Users\\maria\\OneDrive\\Escritorio\\Portafolio Aseguramiento\\portfolio-aseguramiento\\src\\data\\projectsData.js","statementMap":{"0":{"start":{"line":1,"column":21},"end":{"line":74,"column":1}}},"fnMap":{},"branchMap":{},"s":{"0":1},"f":{},"b":{},"_coverageSchema":"1a1c01bbd47fc00a2c39e90264f33305004495a9","hash":"1212cd32508dad14b1e8b6840474743075579b45"}
,"C:\\Users\\maria\\OneDrive\\Escritorio\\Portafolio Aseguramiento\\portfolio-aseguramiento\\src\\pages\\About.jsx": {"path":"C:\\Users\\maria\\OneDrive\\Escritorio\\Portafolio Aseguramiento\\portfolio-aseguramiento\\src\\pages\\About.jsx","statementMap":{"0":{"start":{"line":6,"column":22},"end":{"line":21,"column":3}},"1":{"start":{"line":23,"column":2},"end":{"line":136,"column":4}},"2":{"start":{"line":92,"column":14},"end":{"line":101,"column":20}}},"fnMap":{"0":{"name":"About","decl":{"start":{"line":4,"column":24},"end":{"line":4,"column":29}},"loc":{"start":{"line":4,"column":32},"end":{"line":137,"column":1}},"line":4},"1":{"name":"(anonymous_1)","decl":{"start":{"line":91,"column":29},"end":{"line":91,"column":30}},"loc":{"start":{"line":92,"column":14},"end":{"line":101,"column":20}},"line":92}},"branchMap":{},"s":{"0":0,"1":0,"2":0},"f":{"0":0,"1":0},"b":{},"_coverageSchema":"1a1c01bbd47fc00a2c39e90264f33305004495a9","hash":"afc47968d8f0cd087e88e4b022fbbca94c4ade13"}
,"C:\\Users\\maria\\OneDrive\\Escritorio\\Portafolio Aseguramiento\\portfolio-aseguramiento\\src\\pages\\ProjectDetail.js": {"path":"C:\\Users\\maria\\OneDrive\\Escritorio\\Portafolio Aseguramiento\\portfolio-aseguramiento\\src\\pages\\ProjectDetail.js","statementMap":{"0":{"start":{"line":6,"column":17},"end":{"line":6,"column":28}},"1":{"start":{"line":7,"column":18},"end":{"line":7,"column":65}},"2":{"start":{"line":7,"column":43},"end":{"line":7,"column":64}},"3":{"start":{"line":9,"column":2},"end":{"line":9,"column":54}},"4":{"start":{"line":9,"column":16},"end":{"line":9,"column":54}},"5":{"start":{"line":11,"column":2},"end":{"line":28,"column":4}}},"fnMap":{"0":{"name":"ProjectDetail","decl":{"start":{"line":5,"column":24},"end":{"line":5,"column":37}},"loc":{"start":{"line":5,"column":40},"end":{"line":29,"column":1}},"line":5},"1":{"name":"(anonymous_1)","decl":{"start":{"line":7,"column":36},"end":{"line":7,"column":37}},"loc":{"start":{"line":7,"column":43},"end":{"line":7,"column":64}},"line":7}},"branchMap":{"0":{"loc":{"start":{"line":9,"column":2},"end":{"line":9,"column":54}},"type":"if","locations":[{"start":{"line":9,"column":2},"end":{"line":9,"column":54}},{"start":{},"end":{}}],"line":9}},"s":{"0":0,"1":0,"2":0,"3":0,"4":0,"5":0},"f":{"0":0,"1":0},"b":{"0":[0,0]},"_coverageSchema":"1a1c01bbd47fc00a2c39e90264f33305004495a9","hash":"5a1328a5cd2c55c06200db801d1731e3eaec5c2e"}
,"C:\\Users\\maria\\OneDrive\\Escritorio\\Portafolio Aseguramiento\\portfolio-aseguramiento\\src\\pages\\Projects.js": {"path":"C:\\Users\\maria\\OneDrive\\Escritorio\\Portafolio Aseguramiento\\portfolio-aseguramiento\\src\\pages\\Projects.js","statementMap":{"0":{"start":{"line":6,"column":2},"end":{"line":19,"column":4}}},"fnMap":{"0":{"name":"Home","decl":{"start":{"line":5,"column":24},"end":{"line":5,"column":28}},"loc":{"start":{"line":5,"column":31},"end":{"line":20,"column":1}},"line":5}},"branchMap":{},"s":{"0":0},"f":{"0":0},"b":{},"_coverageSchema":"1a1c01bbd47fc00a2c39e90264f33305004495a9","hash":"b1805505be922e11a714f23c65ce504cfa21001b"}
,"C:\\Users\\maria\\OneDrive\\Escritorio\\Portafolio Aseguramiento\\portfolio-aseguramiento\\src\\pages\\TareaDetail.jsx": {"path":"C:\\Users\\maria\\OneDrive\\Escritorio\\Portafolio Aseguramiento\\portfolio-aseguramiento\\src\\pages\\TareaDetail.jsx","statementMap":{"0":{"start":{"line":9,"column":17},"end":{"line":9,"column":28}},"1":{"start":{"line":10,"column":19},"end":{"line":10,"column":32}},"2":{"start":{"line":12,"column":19},"end":{"line":898,"column":3}},"3":{"start":{"line":788,"column":22},"end":{"line":788,"column":54}},"4":{"start":{"line":789,"column":22},"end":{"line":789,"column":67}},"5":{"start":{"line":803,"column":22},"end":{"line":803,"column":54}},"6":{"start":{"line":804,"column":22},"end":{"line":804,"column":67}},"7":{"start":{"line":900,"column":2},"end":{"line":923,"column":4}},"8":{"start":{"line":906,"column":25},"end":{"line":906,"column":37}}},"fnMap":{"0":{"name":"TareaDetail","decl":{"start":{"line":8,"column":24},"end":{"line":8,"column":35}},"loc":{"start":{"line":8,"column":38},"end":{"line":924,"column":1}},"line":8},"1":{"name":"(anonymous_1)","decl":{"start":{"line":787,"column":29},"end":{"line":787,"column":30}},"loc":{"start":{"line":787,"column":36},"end":{"line":790,"column":21}},"line":787},"2":{"name":"(anonymous_2)","decl":{"start":{"line":802,"column":29},"end":{"line":802,"column":30}},"loc":{"start":{"line":802,"column":36},"end":{"line":805,"column":21}},"line":802},"3":{"name":"(anonymous_3)","decl":{"start":{"line":906,"column":19},"end":{"line":906,"column":20}},"loc":{"start":{"line":906,"column":25},"end":{"line":906,"column":37}},"line":906}},"branchMap":{},"s":{"0":0,"1":0,"2":0,"3":0,"4":0,"5":0,"6":0,"7":0,"8":0},"f":{"0":0,"1":0,"2":0,"3":0},"b":{},"_coverageSchema":"1a1c01bbd47fc00a2c39e90264f33305004495a9","hash":"a0bdae68ceefaf2175083dc0fd026c7dff4f032f"}
,"C:\\Users\\maria\\OneDrive\\Escritorio\\Portafolio Aseguramiento\\portfolio-aseguramiento\\src\\pages\\Test.js": {"path":"C:\\Users\\maria\\OneDrive\\Escritorio\\Portafolio Aseguramiento\\portfolio-aseguramiento\\src\\pages\\Test.js","statementMap":{"0":{"start":{"line":2,"column":2},"end":{"line":7,"column":4}}},"fnMap":{"0":{"name":"Test","decl":{"start":{"line":1,"column":9},"end":{"line":1,"column":13}},"loc":{"start":{"line":1,"column":16},"end":{"line":8,"column":1}},"line":1}},"branchMap":{},"s":{"0":0},"f":{"0":0},"b":{}}
,"C:\\Users\\maria\\OneDrive\\Escritorio\\Portafolio Aseguramiento\\portfolio-aseguramiento\\src\\pages\\contact.js": {"path":"C:\\Users\\maria\\OneDrive\\Escritorio\\Portafolio Aseguramiento\\portfolio-aseguramiento\\src\\pages\\contact.js","statementMap":{"0":{"start":{"line":5,"column":2},"end":{"line":35,"column":4}}},"fnMap":{"0":{"name":"Contact","decl":{"start":{"line":4,"column":24},"end":{"line":4,"column":31}},"loc":{"start":{"line":4,"column":34},"end":{"line":36,"column":1}},"line":4}},"branchMap":{},"s":{"0":0},"f":{"0":0},"b":{},"_coverageSchema":"1a1c01bbd47fc00a2c39e90264f33305004495a9","hash":"a36745a1753440638d0ade96be6c67190b881b14"}
,"C:\\Users\\maria\\OneDrive\\Escritorio\\Portafolio Aseguramiento\\portfolio-aseguramiento\\src\\pages\\contact.jsx": {"path":"C:\\Users\\maria\\OneDrive\\Escritorio\\Portafolio Aseguramiento\\portfolio-aseguramiento\\src\\pages\\contact.jsx","statementMap":{"0":{"start":{"line":5,"column":34},"end":{"line":10,"column":4}},"1":{"start":{"line":12,"column":42},"end":{"line":12,"column":57}},"2":{"start":{"line":13,"column":42},"end":{"line":13,"column":56}},"3":{"start":{"line":15,"column":23},"end":{"line":20,"column":3}},"4":{"start":{"line":16,"column":4},"end":{"line":19,"column":7}},"5":{"start":{"line":22,"column":23},"end":{"line":35,"column":3}},"6":{"start":{"line":23,"column":4},"end":{"line":23,"column":23}},"7":{"start":{"line":24,"column":4},"end":{"line":24,"column":26}},"8":{"start":{"line":27,"column":4},"end":{"line":34,"column":13}},"9":{"start":{"line":28,"column":6},"end":{"line":28,"column":33}},"10":{"start":{"line":29,"column":6},"end":{"line":29,"column":29}},"11":{"start":{"line":30,"column":6},"end":{"line":30,"column":69}},"12":{"start":{"line":33,"column":6},"end":{"line":33,"column":52}},"13":{"start":{"line":33,"column":23},"end":{"line":33,"column":44}},"14":{"start":{"line":37,"column":22},"end":{"line":56,"column":3}},"15":{"start":{"line":58,"column":22},"end":{"line":77,"column":3}},"16":{"start":{"line":79,"column":2},"end":{"line":219,"column":4}},"17":{"start":{"line":98,"column":16},"end":{"line":108,"column":22}},"18":{"start":{"line":116,"column":18},"end":{"line":126,"column":22}}},"fnMap":{"0":{"name":"Contact","decl":{"start":{"line":4,"column":24},"end":{"line":4,"column":31}},"loc":{"start":{"line":4,"column":34},"end":{"line":220,"column":1}},"line":4},"1":{"name":"(anonymous_1)","decl":{"start":{"line":15,"column":23},"end":{"line":15,"column":24}},"loc":{"start":{"line":15,"column":30},"end":{"line":20,"column":3}},"line":15},"2":{"name":"(anonymous_2)","decl":{"start":{"line":22,"column":23},"end":{"line":22,"column":24}},"loc":{"start":{"line":22,"column":36},"end":{"line":35,"column":3}},"line":22},"3":{"name":"(anonymous_3)","decl":{"start":{"line":27,"column":15},"end":{"line":27,"column":16}},"loc":{"start":{"line":27,"column":21},"end":{"line":34,"column":5}},"line":27},"4":{"name":"(anonymous_4)","decl":{"start":{"line":33,"column":17},"end":{"line":33,"column":18}},"loc":{"start":{"line":33,"column":23},"end":{"line":33,"column":44}},"line":33},"5":{"name":"(anonymous_5)","decl":{"start":{"line":97,"column":31},"end":{"line":97,"column":32}},"loc":{"start":{"line":98,"column":16},"end":{"line":108,"column":22}},"line":98},"6":{"name":"(anonymous_6)","decl":{"start":{"line":115,"column":33},"end":{"line":115,"column":34}},"loc":{"start":{"line":116,"column":18},"end":{"line":126,"column":22}},"line":116}},"branchMap":{"0":{"loc":{"start":{"line":102,"column":21},"end":{"line":106,"column":21}},"type":"cond-expr","locations":[{"start":{"line":103,"column":22},"end":{"line":103,"column":58}},{"start":{"line":105,"column":22},"end":{"line":105,"column":47}}],"line":102},"1":{"loc":{"start":{"line":192,"column":41},"end":{"line":192,"column":73}},"type":"cond-expr","locations":[{"start":{"line":192,"column":56},"end":{"line":192,"column":68}},{"start":{"line":192,"column":71},"end":{"line":192,"column":73}}],"line":192},"2":{"loc":{"start":{"line":195,"column":17},"end":{"line":205,"column":17}},"type":"cond-expr","locations":[{"start":{"line":196,"column":18},"end":{"line":199,"column":21}},{"start":{"line":201,"column":18},"end":{"line":204,"column":21}}],"line":195},"3":{"loc":{"start":{"line":208,"column":15},"end":{"line":213,"column":15}},"type":"binary-expr","locations":[{"start":{"line":208,"column":15},"end":{"line":208,"column":41}},{"start":{"line":209,"column":16},"end":{"line":212,"column":22}}],"line":208}},"s":{"0":0,"1":0,"2":0,"3":0,"4":0,"5":0,"6":0,"7":0,"8":0,"9":0,"10":0,"11":0,"12":0,"13":0,"14":0,"15":0,"16":0,"17":0,"18":0},"f":{"0":0,"1":0,"2":0,"3":0,"4":0,"5":0,"6":0},"b":{"0":[0,0],"1":[0,0],"2":[0,0],"3":[0,0]}}
,"C:\\Users\\maria\\OneDrive\\Escritorio\\Portafolio Aseguramiento\\portfolio-aseguramiento\\src\\pages\\home.js": {"path":"C:\\Users\\maria\\OneDrive\\Escritorio\\Portafolio Aseguramiento\\portfolio-aseguramiento\\src\\pages\\home.js","statementMap":{"0":{"start":{"line":6,"column":2},"end":{"line":15,"column":4}}},"fnMap":{"0":{"name":"Home","decl":{"start":{"line":5,"column":9},"end":{"line":5,"column":13}},"loc":{"start":{"line":5,"column":16},"end":{"line":16,"column":1}},"line":5}},"branchMap":{},"s":{"0":2},"f":{"0":2},"b":{},"_coverageSchema":"1a1c01bbd47fc00a2c39e90264f33305004495a9","hash":"82061296b0965c00d76e9de34a3bfd28530b84c8"}
,"C:\\Users\\maria\\OneDrive\\Escritorio\\Portafolio Aseguramiento\\portfolio-aseguramiento\\src\\pages\\home.jsx": {"path":"C:\\Users\\maria\\OneDrive\\Escritorio\\Portafolio Aseguramiento\\portfolio-aseguramiento\\src\\pages\\home.jsx","statementMap":{"0":{"start":{"line":5,"column":2},"end":{"line":86,"column":4}}},"fnMap":{"0":{"name":"Home","decl":{"start":{"line":4,"column":24},"end":{"line":4,"column":28}},"loc":{"start":{"line":4,"column":31},"end":{"line":87,"column":1}},"line":4}},"branchMap":{},"s":{"0":0},"f":{"0":0},"b":{}}
,"C:\\Users\\maria\\OneDrive\\Escritorio\\Portafolio Aseguramiento\\portfolio-aseguramiento\\src\\pages\\projects.jsx": {"path":"C:\\Users\\maria\\OneDrive\\Escritorio\\Portafolio Aseguramiento\\portfolio-aseguramiento\\src\\pages\\projects.jsx","statementMap":{"0":{"start":{"line":6,"column":19},"end":{"line":34,"column":3}},"1":{"start":{"line":36,"column":26},"end":{"line":36,"column":68}},"2":{"start":{"line":36,"column":51},"end":{"line":36,"column":67}},"3":{"start":{"line":38,"column":2},"end":{"line":131,"column":4}},"4":{"start":{"line":60,"column":22},"end":{"line":60,"column":74}},"5":{"start":{"line":89,"column":14},"end":{"line":113,"column":20}},"6":{"start":{"line":103,"column":22},"end":{"line":103,"column":76}}},"fnMap":{"0":{"name":"Projects","decl":{"start":{"line":5,"column":24},"end":{"line":5,"column":32}},"loc":{"start":{"line":5,"column":35},"end":{"line":132,"column":1}},"line":5},"1":{"name":"(anonymous_1)","decl":{"start":{"line":36,"column":40},"end":{"line":36,"column":41}},"loc":{"start":{"line":36,"column":51},"end":{"line":36,"column":67}},"line":36},"2":{"name":"(anonymous_2)","decl":{"start":{"line":59,"column":54},"end":{"line":59,"column":55}},"loc":{"start":{"line":60,"column":22},"end":{"line":60,"column":74}},"line":60},"3":{"name":"(anonymous_3)","decl":{"start":{"line":88,"column":26},"end":{"line":88,"column":27}},"loc":{"start":{"line":89,"column":14},"end":{"line":113,"column":20}},"line":89},"4":{"name":"(anonymous_4)","decl":{"start":{"line":102,"column":46},"end":{"line":102,"column":47}},"loc":{"start":{"line":103,"column":22},"end":{"line":103,"column":76}},"line":103}},"branchMap":{"0":{"loc":{"start":{"line":48,"column":9},"end":{"line":82,"column":9}},"type":"binary-expr","locations":[{"start":{"line":48,"column":9},"end":{"line":48,"column":24}},{"start":{"line":49,"column":10},"end":{"line":81,"column":16}}],"line":48},"1":{"loc":{"start":{"line":89,"column":63},"end":{"line":89,"column":102}},"type":"cond-expr","locations":[{"start":{"line":89,"column":82},"end":{"line":89,"column":97}},{"start":{"line":89,"column":100},"end":{"line":89,"column":102}}],"line":89}},"s":{"0":0,"1":0,"2":0,"3":0,"4":0,"5":0,"6":0},"f":{"0":0,"1":0,"2":0,"3":0,"4":0},"b":{"0":[0,0],"1":[0,0]}}
,"C:\\Users\\maria\\OneDrive\\Escritorio\\Portafolio Aseguramiento\\portfolio-aseguramiento\\src\\pages\\tests.jsx": {"path":"C:\\Users\\maria\\OneDrive\\Escritorio\\Portafolio Aseguramiento\\portfolio-aseguramiento\\src\\pages\\tests.jsx","statementMap":{"0":{"start":{"line":2,"column":2},"end":{"line":16,"column":4}}},"fnMap":{"0":{"name":"Tests","decl":{"start":{"line":1,"column":24},"end":{"line":1,"column":29}},"loc":{"start":{"line":1,"column":32},"end":{"line":17,"column":1}},"line":1}},"branchMap":{},"s":{"0":0},"f":{"0":0},"b":{}}
}
