TN:
SF:src\App.js
FN:13,App
FNF:1
FNH:1
FNDA:1,App
DA:14,1
LF:1
LH:1
BRF:0
BRH:0
end_of_record
TN:
SF:src\App.jsx
FN:8,App
FNF:1
FNH:0
FNDA:0,App
DA:9,0
LF:1
LH:0
BRF:0
BRH:0
end_of_record
TN:
SF:src\agevalidator.ts
FN:27,isValidAge
FNF:1
FNH:1
FNDA:19,isValidAge
DA:29,19
DA:32,15
LF:2
LH:2
BRDA:29,0,0,4
BRDA:29,0,1,15
BRDA:29,1,0,19
BRDA:29,1,1,16
BRDA:32,2,0,15
BRDA:32,2,1,11
BRF:6
BRH:6
end_of_record
TN:
SF:src\index.js
FNF:0
FNH:0
DA:7,0
DA:8,0
DA:17,0
LF:3
LH:0
BRF:0
BRH:0
end_of_record
TN:
SF:src\loanApproval.ts
FN:49,evaluateLoanApplication
FNF:1
FNH:1
FNDA:17,evaluateLoanApplication
DA:50,17
DA:53,17
DA:54,1
DA:62,16
DA:66,6
DA:73,10
DA:77,2
DA:84,8
DA:88,1
DA:95,7
DA:99,1
DA:106,6
DA:110,1
DA:117,5
LF:14
LH:14
BRDA:53,0,0,1
BRDA:53,0,1,16
BRDA:53,1,0,17
BRDA:53,1,1,16
BRDA:53,1,2,16
BRDA:53,1,3,16
BRDA:62,2,0,6
BRDA:62,2,1,10
BRDA:62,3,0,16
BRDA:62,3,1,12
BRDA:62,3,2,9
BRDA:62,3,3,8
BRDA:73,4,0,2
BRDA:73,4,1,8
BRDA:73,5,0,10
BRDA:73,5,1,6
BRDA:73,5,2,3
BRDA:73,5,3,2
BRDA:84,6,0,1
BRDA:84,6,1,7
BRDA:84,7,0,8
BRDA:84,7,1,4
BRDA:84,7,2,4
BRDA:84,7,3,3
BRDA:95,8,0,1
BRDA:95,8,1,6
BRDA:95,9,0,7
BRDA:95,9,1,4
BRDA:95,9,2,1
BRDA:95,9,3,1
BRDA:106,10,0,1
BRDA:106,10,1,5
BRDA:106,11,0,6
BRDA:106,11,1,3
BRDA:106,11,2,3
BRDA:106,11,3,1
BRF:36
BRH:36
end_of_record
TN:
SF:src\reportWebVitals.js
FN:1,(anonymous_0)
FN:3,(anonymous_1)
FNF:2
FNH:0
FNDA:0,(anonymous_0)
FNDA:0,(anonymous_1)
DA:1,0
DA:2,0
DA:3,0
DA:4,0
DA:5,0
DA:6,0
DA:7,0
DA:8,0
LF:8
LH:0
BRDA:2,0,0,0
BRDA:2,0,1,0
BRDA:2,1,0,0
BRDA:2,1,1,0
BRF:4
BRH:0
end_of_record
TN:
SF:src\assets\tareas.jsx
FN:7,Tareas
FN:32,(anonymous_1)
FNF:2
FNH:0
FNDA:0,Tareas
FNDA:0,(anonymous_1)
DA:8,0
DA:19,0
DA:33,0
LF:3
LH:0
BRF:0
BRH:0
end_of_record
TN:
SF:src\components\Footer.js
FN:4,Footer
FNF:1
FNH:1
FNDA:1,Footer
DA:5,1
LF:1
LH:1
BRF:0
BRH:0
end_of_record
TN:
SF:src\components\Header.jsx
FN:5,Header
FN:17,(anonymous_1)
FN:18,(anonymous_2)
FN:23,(anonymous_3)
FN:27,(anonymous_4)
FN:45,(anonymous_5)
FN:64,(anonymous_6)
FNF:7
FNH:5
FNDA:1,Header
FNDA:1,(anonymous_1)
FNDA:0,(anonymous_2)
FNDA:1,(anonymous_3)
FNDA:1,(anonymous_4)
FNDA:4,(anonymous_5)
FNDA:0,(anonymous_6)
DA:6,1
DA:7,1
DA:8,1
DA:10,1
DA:17,1
DA:18,1
DA:19,0
DA:22,1
DA:23,1
DA:27,1
DA:28,1
DA:31,1
DA:46,4
DA:64,0
LF:14
LH:12
BRDA:32,0,0,0
BRDA:32,0,1,1
BRDA:44,1,0,0
BRDA:44,1,1,1
BRDA:49,2,0,1
BRDA:49,2,1,3
BRDA:63,3,0,0
BRDA:63,3,1,1
BRF:8
BRH:5
end_of_record
TN:
SF:src\components\Layout.jsx
FN:5,Layout
FNF:1
FNH:0
FNDA:0,Layout
DA:6,0
LF:1
LH:0
BRF:0
BRH:0
end_of_record
TN:
SF:src\components\Navbar.jsx
FN:4,Navbar
FNF:1
FNH:0
FNDA:0,Navbar
DA:5,0
DA:6,0
LF:2
LH:0
BRDA:10,0,0,0
BRDA:10,0,1,0
BRDA:13,1,0,0
BRDA:13,1,1,0
BRDA:16,2,0,0
BRDA:16,2,1,0
BRDA:19,3,0,0
BRDA:19,3,1,0
BRF:8
BRH:0
end_of_record
TN:
SF:src\components\ProjectCard.js
FN:1,ProjectCard
FNF:1
FNH:0
FNDA:0,ProjectCard
DA:2,0
LF:1
LH:0
BRF:0
BRH:0
end_of_record
TN:
SF:src\data\projects.js
FNF:0
FNH:0
DA:1,0
LF:1
LH:0
BRF:0
BRH:0
end_of_record
TN:
SF:src\data\projectsData.js
FNF:0
FNH:0
DA:1,1
LF:1
LH:1
BRF:0
BRH:0
end_of_record
TN:
SF:src\pages\About.jsx
FN:4,About
FN:91,(anonymous_1)
FNF:2
FNH:0
FNDA:0,About
FNDA:0,(anonymous_1)
DA:6,0
DA:23,0
DA:92,0
LF:3
LH:0
BRF:0
BRH:0
end_of_record
TN:
SF:src\pages\ProjectDetail.js
FN:5,ProjectDetail
FN:7,(anonymous_1)
FNF:2
FNH:0
FNDA:0,ProjectDetail
FNDA:0,(anonymous_1)
DA:6,0
DA:7,0
DA:9,0
DA:11,0
LF:4
LH:0
BRDA:9,0,0,0
BRDA:9,0,1,0
BRF:2
BRH:0
end_of_record
TN:
SF:src\pages\Projects.js
FN:5,Home
FNF:1
FNH:0
FNDA:0,Home
DA:6,0
LF:1
LH:0
BRF:0
BRH:0
end_of_record
TN:
SF:src\pages\TareaDetail.jsx
FN:8,TareaDetail
FN:787,(anonymous_1)
FN:802,(anonymous_2)
FN:906,(anonymous_3)
FNF:4
FNH:0
FNDA:0,TareaDetail
FNDA:0,(anonymous_1)
FNDA:0,(anonymous_2)
FNDA:0,(anonymous_3)
DA:9,0
DA:10,0
DA:12,0
DA:788,0
DA:789,0
DA:803,0
DA:804,0
DA:900,0
DA:906,0
LF:9
LH:0
BRF:0
BRH:0
end_of_record
TN:
SF:src\pages\Test.js
FN:1,Test
FNF:1
FNH:0
FNDA:0,Test
DA:2,0
LF:1
LH:0
BRF:0
BRH:0
end_of_record
TN:
SF:src\pages\contact.js
FN:4,Contact
FNF:1
FNH:0
FNDA:0,Contact
DA:5,0
LF:1
LH:0
BRF:0
BRH:0
end_of_record
TN:
SF:src\pages\contact.jsx
FN:4,Contact
FN:15,(anonymous_1)
FN:22,(anonymous_2)
FN:27,(anonymous_3)
FN:33,(anonymous_4)
FN:97,(anonymous_5)
FN:115,(anonymous_6)
FNF:7
FNH:0
FNDA:0,Contact
FNDA:0,(anonymous_1)
FNDA:0,(anonymous_2)
FNDA:0,(anonymous_3)
FNDA:0,(anonymous_4)
FNDA:0,(anonymous_5)
FNDA:0,(anonymous_6)
DA:5,0
DA:12,0
DA:13,0
DA:15,0
DA:16,0
DA:22,0
DA:23,0
DA:24,0
DA:27,0
DA:28,0
DA:29,0
DA:30,0
DA:33,0
DA:37,0
DA:58,0
DA:79,0
DA:98,0
DA:116,0
LF:18
LH:0
BRDA:102,0,0,0
BRDA:102,0,1,0
BRDA:192,1,0,0
BRDA:192,1,1,0
BRDA:195,2,0,0
BRDA:195,2,1,0
BRDA:208,3,0,0
BRDA:208,3,1,0
BRF:8
BRH:0
end_of_record
TN:
SF:src\pages\home.js
FN:5,Home
FNF:1
FNH:1
FNDA:2,Home
DA:6,2
LF:1
LH:1
BRF:0
BRH:0
end_of_record
TN:
SF:src\pages\home.jsx
FN:4,Home
FNF:1
FNH:0
FNDA:0,Home
DA:5,0
LF:1
LH:0
BRF:0
BRH:0
end_of_record
TN:
SF:src\pages\projects.jsx
FN:5,Projects
FN:36,(anonymous_1)
FN:59,(anonymous_2)
FN:88,(anonymous_3)
FN:102,(anonymous_4)
FNF:5
FNH:0
FNDA:0,Projects
FNDA:0,(anonymous_1)
FNDA:0,(anonymous_2)
FNDA:0,(anonymous_3)
FNDA:0,(anonymous_4)
DA:6,0
DA:36,0
DA:38,0
DA:60,0
DA:89,0
DA:103,0
LF:6
LH:0
BRDA:48,0,0,0
BRDA:48,0,1,0
BRDA:89,1,0,0
BRDA:89,1,1,0
BRF:4
BRH:0
end_of_record
TN:
SF:src\pages\tests.jsx
FN:1,Tests
FNF:1
FNH:0
FNDA:0,Tests
DA:2,0
LF:1
LH:0
BRF:0
BRH:0
end_of_record
